d:\1poit\3\osi\labs\оссп_лабораторная_работа_14 (4 часа)\lab5-ht-user-com-dll\os14_htcom\debug\os14_htcom.pch
d:\1poit\3\osi\labs\оссп_лабораторная_работа_14 (4 часа)\lab5-ht-user-com-dll\os14_htcom\debug\vc143.pdb
d:\1poit\3\osi\labs\оссп_лабораторная_работа_14 (4 часа)\lab5-ht-user-com-dll\os14_htcom\debug\vc143.idb
d:\1poit\3\osi\labs\оссп_лабораторная_работа_14 (4 часа)\lab5-ht-user-com-dll\os14_htcom\debug\pch.obj
d:\1poit\3\osi\labs\оссп_лабораторная_работа_14 (4 часа)\lab5-ht-user-com-dll\os14_htcom\debug\registry.obj
d:\1poit\3\osi\labs\оссп_лабораторная_работа_14 (4 часа)\lab5-ht-user-com-dll\os14_htcom\debug\exportfunctions.obj
d:\1poit\3\osi\labs\оссп_лабораторная_работа_14 (4 часа)\lab5-ht-user-com-dll\os14_htcom\debug\dllmain.obj
d:\1poit\3\osi\labs\оссп_лабораторная_работа_14 (4 часа)\lab5-ht-user-com-dll\os14_htcom\debug\componentht.obj
d:\1poit\3\osi\labs\оссп_лабораторная_работа_14 (4 часа)\lab5-ht-user-com-dll\os14_htcom\debug\classfactory.obj
d:\1poit\3\osi\labs\оссп_лабораторная_работа_14 (4 часа)\lab5-ht-user-com-dll\os14_htcom\debug\os14_htcom.ilk
d:\1poit\3\osi\labs\оссп_лабораторная_работа_14 (4 часа)\lab5-ht-user-com-dll\debug\os14_htcom.dll
d:\1poit\3\osi\labs\оссп_лабораторная_работа_14 (4 часа)\lab5-ht-user-com-dll\debug\os14_htcom.pdb
d:\1poit\3\osi\labs\оссп_лабораторная_работа_14 (4 часа)\lab5-ht-user-com-dll\debug\os14_htcom.lib
d:\1poit\3\osi\labs\оссп_лабораторная_работа_14 (4 часа)\lab5-ht-user-com-dll\debug\os14_htcom.exp
d:\1poit\3\osi\labs\оссп_лабораторная_работа_14 (4 часа)\lab5-ht-user-com-dll\os14_htcom\debug\os14_htcom.tlog\cl.command.1.tlog
d:\1poit\3\osi\labs\оссп_лабораторная_работа_14 (4 часа)\lab5-ht-user-com-dll\os14_htcom\debug\os14_htcom.tlog\cl.read.1.tlog
d:\1poit\3\osi\labs\оссп_лабораторная_работа_14 (4 часа)\lab5-ht-user-com-dll\os14_htcom\debug\os14_htcom.tlog\cl.write.1.tlog
d:\1poit\3\osi\labs\оссп_лабораторная_работа_14 (4 часа)\lab5-ht-user-com-dll\os14_htcom\debug\os14_htcom.tlog\link.command.1.tlog
d:\1poit\3\osi\labs\оссп_лабораторная_работа_14 (4 часа)\lab5-ht-user-com-dll\os14_htcom\debug\os14_htcom.tlog\link.read.1.tlog
d:\1poit\3\osi\labs\оссп_лабораторная_работа_14 (4 часа)\lab5-ht-user-com-dll\os14_htcom\debug\os14_htcom.tlog\link.write.1.tlog
d:\1poit\3\osi\labs\оссп_лабораторная_работа_14 (4 часа)\lab5-ht-user-com-dll\os14_htcom\debug\os14_htcom.tlog\link.write.2u.tlog
