d:\files\university\3 course\1 term\sp\14\lab5-ht-user-com-dll\os14_htcom\x64\debug\os14_htcom.pch
d:\files\university\3 course\1 term\sp\14\lab5-ht-user-com-dll\os14_htcom\x64\debug\vc143.pdb
d:\files\university\3 course\1 term\sp\14\lab5-ht-user-com-dll\os14_htcom\x64\debug\vc143.idb
d:\files\university\3 course\1 term\sp\14\lab5-ht-user-com-dll\os14_htcom\x64\debug\pch.obj
d:\files\university\3 course\1 term\sp\14\lab5-ht-user-com-dll\os14_htcom\x64\debug\registry.obj
d:\files\university\3 course\1 term\sp\14\lab5-ht-user-com-dll\os14_htcom\x64\debug\exportfunctions.obj
d:\files\university\3 course\1 term\sp\14\lab5-ht-user-com-dll\os14_htcom\x64\debug\dllmain.obj
d:\files\university\3 course\1 term\sp\14\lab5-ht-user-com-dll\os14_htcom\x64\debug\componentht.obj
d:\files\university\3 course\1 term\sp\14\lab5-ht-user-com-dll\os14_htcom\x64\debug\classfactory.obj
d:\files\university\3 course\1 term\sp\14\lab5-ht-user-com-dll\os14_htcom\x64\debug\os14_htcom.ilk
d:\files\university\3 course\1 term\sp\14\lab5-ht-user-com-dll\x64\debug\os14_htcom.dll
d:\files\university\3 course\1 term\sp\14\lab5-ht-user-com-dll\x64\debug\os14_htcom.pdb
d:\files\university\3 course\1 term\sp\14\lab5-ht-user-com-dll\x64\debug\os14_htcom.lib
d:\files\university\3 course\1 term\sp\14\lab5-ht-user-com-dll\x64\debug\os14_htcom.exp
d:\files\university\3 course\1 term\sp\14\lab5-ht-user-com-dll\os14_htcom\x64\debug\os14_htcom.tlog\cl.command.1.tlog
d:\files\university\3 course\1 term\sp\14\lab5-ht-user-com-dll\os14_htcom\x64\debug\os14_htcom.tlog\cl.items.tlog
d:\files\university\3 course\1 term\sp\14\lab5-ht-user-com-dll\os14_htcom\x64\debug\os14_htcom.tlog\cl.read.1.tlog
d:\files\university\3 course\1 term\sp\14\lab5-ht-user-com-dll\os14_htcom\x64\debug\os14_htcom.tlog\cl.write.1.tlog
d:\files\university\3 course\1 term\sp\14\lab5-ht-user-com-dll\os14_htcom\x64\debug\os14_htcom.tlog\link.command.1.tlog
d:\files\university\3 course\1 term\sp\14\lab5-ht-user-com-dll\os14_htcom\x64\debug\os14_htcom.tlog\link.read.1.tlog
d:\files\university\3 course\1 term\sp\14\lab5-ht-user-com-dll\os14_htcom\x64\debug\os14_htcom.tlog\link.write.1.tlog
d:\files\university\3 course\1 term\sp\14\lab5-ht-user-com-dll\os14_htcom\x64\debug\os14_htcom.tlog\link.write.2u.tlog
